<?xml version="1.0" encoding="UTF-8"?>
<testng-results skipped="0" failed="0" ignored="0" total="2" passed="2">
  <reporter-output>
  </reporter-output>
  <suite name="Default" duration-ms="47" started-at="2023-06-15T13:03:11 IST" finished-at="2023-06-15T13:03:11 IST">
    <groups>
    </groups>
    <test name="Test1" duration-ms="47" started-at="2023-06-15T13:03:11 IST" finished-at="2023-06-15T13:03:11 IST">
      <class name="p2.ClassB">
        <test-method status="PASS" signature="tc003()[pri:0, instance:p2.ClassB@6737fd8f]" name="tc003" duration-ms="0" started-at="2023-06-15T13:03:11 IST" finished-at="2023-06-15T13:03:11 IST">
          <reporter-output>
          </reporter-output>
        </test-method> <!-- tc003 -->
      </class> <!-- p2.ClassB -->
      <class name="p1.ClassA">
        <test-method status="PASS" signature="tc001()[pri:0, instance:p1.ClassA@49fc609f]" name="tc001" duration-ms="0" started-at="2023-06-15T13:03:11 IST" finished-at="2023-06-15T13:03:11 IST">
          <reporter-output>
          </reporter-output>
        </test-method> <!-- tc001 -->
      </class> <!-- p1.ClassA -->
    </test> <!-- Test1 -->
  </suite> <!-- Default -->
</testng-results>
